[    0.000000] Linux version 4.15.0-47-generic (buildd@lgw01-amd64-001) (gcc version 7.3.0 (Ubuntu 7.3.0-16ubuntu3)) #50-Ubuntu SMP Wed Mar 13 10:44:52 UTC 2019 (Ubuntu 4.15.0-47.50-generic 4.15.18)
[    0.000000] Command line: BOOT_IMAGE=/boot/vmlinuz-4.15.0-47-generic root=UUID=56c8473f-1712-4e3c-a998-9b123a7ad5f6 ro console=tty1 console=ttyS0
[    0.000000] KERNEL supported cpus:
[    0.000000]   Intel GenuineIntel
[    0.000000]   AMD AuthenticAMD
[    0.000000]   Centaur CentaurHauls
[    0.000000] x86/fpu: Supporting XSAVE feature 0x001: 'x87 floating point registers'
[    0.000000] x86/fpu: Supporting XSAVE feature 0x002: 'SSE registers'
[    0.000000] x86/fpu: Supporting XSAVE feature 0x004: 'AVX registers'
[    0.000000] x86/fpu: xstate_offset[2]:  576, xstate_sizes[2]:  256
[    0.000000] x86/fpu: Enabled xstate features 0x7, context size is 832 bytes, using 'standard' format.
[    0.000000] e820: BIOS-provided physical RAM map:
[    0.000000] BIOS-e820: [mem 0x0000000000000000-0x000000000009fbff] usable
[    0.000000] BIOS-e820: [mem 0x000000000009fc00-0x000000000009ffff] reserved
[    0.000000] BIOS-e820: [mem 0x00000000000f0000-0x00000000000fffff] reserved
[    0.000000] BIOS-e820: [mem 0x0000000000100000-0x000000007ffeffff] usable
[    0.000000] BIOS-e820: [mem 0x000000007fff0000-0x000000007fffffff] ACPI data
[    0.000000] BIOS-e820: [mem 0x00000000fec00000-0x00000000fec00fff] reserved
[    0.000000] BIOS-e820: [mem 0x00000000fee00000-0x00000000fee00fff] reserved
[    0.000000] BIOS-e820: [mem 0x00000000fffc0000-0x00000000ffffffff] reserved
[    0.000000] NX (Execute Disable) protection: active
[    0.000000] SMBIOS 2.5 present.
[    0.000000] DMI: innotek GmbH VirtualBox/VirtualBox, BIOS VirtualBox 12/01/2006
[    0.000000] Hypervisor detected: KVM
[    0.000000] e820: last_pfn = 0x7fff0 max_arch_pfn = 0x400000000
[    0.000000] MTRR: Disabled
[    0.000000] x86/PAT: MTRRs disabled, skipping PAT initialization too.
[    0.000000] CPU MTRRs all blank - virtualized system.
[    0.000000] x86/PAT: Configuration [0-7]: WB  WT  UC- UC  WB  WT  UC- UC  
[    0.000000] found SMP MP-table at [mem 0x0009fff0-0x0009ffff] mapped at [        (ptrval)]
[    0.000000] Scanning 1 areas for low memory corruption
[    0.000000] RAMDISK: [mem 0x34db9000-0x366d3fff]
[    0.000000] ACPI: Early table checksum verification disabled
[    0.000000] ACPI: RSDP 0x00000000000E0000 000024 (v02 VBOX  )
[    0.000000] ACPI: XSDT 0x000000007FFF0030 00003C (v01 VBOX   VBOXXSDT 00000001 ASL  00000061)
[    0.000000] ACPI: FACP 0x000000007FFF00F0 0000F4 (v04 VBOX   VBOXFACP 00000001 ASL  00000061)
[    0.000000] ACPI: DSDT 0x000000007FFF0470 0022EA (v02 VBOX   VBOXBIOS 00000002 INTL 20180105)
[    0.000000] ACPI: FACS 0x000000007FFF0200 000040
[    0.000000] ACPI: FACS 0x000000007FFF0200 000040
[    0.000000] ACPI: APIC 0x000000007FFF0240 00005C (v02 VBOX   VBOXAPIC 00000001 ASL  00000061)
[    0.000000] ACPI: SSDT 0x000000007FFF02A0 0001CC (v01 VBOX   VBOXCPUT 00000002 INTL 20180105)
[    0.000000] No NUMA configuration found
[    0.000000] Faking a node at [mem 0x0000000000000000-0x000000007ffeffff]
[    0.000000] NODE_DATA(0) allocated [mem 0x7ffc5000-0x7ffeffff]
[    0.000000] kvm-clock: cpu 0, msr 0:7ff44001, primary cpu clock
[    0.000000] kvm-clock: Using msrs 4b564d01 and 4b564d00
[    0.000000] kvm-clock: using sched offset of 3719520584 cycles
[    0.000000] clocksource: kvm-clock: mask: 0xffffffffffffffff max_cycles: 0x1cd42e4dffb, max_idle_ns: 881590591483 ns
[    0.000000] Zone ranges:
[    0.000000]   DMA      [mem 0x0000000000001000-0x0000000000ffffff]
[    0.000000]   DMA32    [mem 0x0000000001000000-0x000000007ffeffff]
[    0.000000]   Normal   empty
[    0.000000]   Device   empty
[    0.000000] Movable zone start for each node
[    0.000000] Early memory node ranges
[    0.000000]   node   0: [mem 0x0000000000001000-0x000000000009efff]
[    0.000000]   node   0: [mem 0x0000000000100000-0x000000007ffeffff]
[    0.000000] Reserved but unavailable: 114 pages
[    0.000000] Initmem setup node 0 [mem 0x0000000000001000-0x000000007ffeffff]
[    0.000000] ACPI: PM-Timer IO Port: 0x4008
[    0.000000] IOAPIC[0]: apic_id 2, version 32, address 0xfec00000, GSI 0-23
[    0.000000] ACPI: INT_SRC_OVR (bus 0 bus_irq 0 global_irq 2 dfl dfl)
[    0.000000] ACPI: INT_SRC_OVR (bus 0 bus_irq 9 global_irq 9 low level)
[    0.000000] Using ACPI (MADT) for SMP configuration information
[    0.000000] smpboot: Allowing 2 CPUs, 0 hotplug CPUs
[    0.000000] PM: Registered nosave memory: [mem 0x00000000-0x00000fff]
[    0.000000] PM: Registered nosave memory: [mem 0x0009f000-0x0009ffff]
[    0.000000] PM: Registered nosave memory: [mem 0x000a0000-0x000effff]
[    0.000000] PM: Registered nosave memory: [mem 0x000f0000-0x000fffff]
[    0.000000] e820: [mem 0x80000000-0xfebfffff] available for PCI devices
[    0.000000] Booting paravirtualized kernel on KVM
[    0.000000] clocksource: refined-jiffies: mask: 0xffffffff max_cycles: 0xffffffff, max_idle_ns: 7645519600211568 ns
[    0.000000] random: get_random_bytes called from start_kernel+0x99/0x4fd with crng_init=0
[    0.000000] setup_percpu: NR_CPUS:8192 nr_cpumask_bits:2 nr_cpu_ids:2 nr_node_ids:1
[    0.000000] percpu: Embedded 46 pages/cpu @        (ptrval) s151552 r8192 d28672 u1048576
[    0.000000] PV qspinlock hash table entries: 256 (order: 0, 4096 bytes)
[    0.000000] Built 1 zonelists, mobility grouping on.  Total pages: 515961
[    0.000000] Policy zone: DMA32
[    0.000000] Kernel command line: BOOT_IMAGE=/boot/vmlinuz-4.15.0-47-generic root=UUID=56c8473f-1712-4e3c-a998-9b123a7ad5f6 ro console=tty1 console=ttyS0
[    0.000000] Memory: 2009068K/2096696K available (12300K kernel code, 2473K rwdata, 4252K rodata, 2408K init, 2416K bss, 87628K reserved, 0K cma-reserved)
[    0.000000] SLUB: HWalign=64, Order=0-3, MinObjects=0, CPUs=2, Nodes=1
[    0.000000] Kernel/User page tables isolation: enabled
[    0.000000] ftrace: allocating 39206 entries in 154 pages
[    0.004000] Hierarchical RCU implementation.
[    0.004000] 	RCU restricting CPUs from NR_CPUS=8192 to nr_cpu_ids=2.
[    0.004000] 	Tasks RCU enabled.
[    0.004000] RCU: Adjusting geometry for rcu_fanout_leaf=16, nr_cpu_ids=2
[    0.004000] NR_IRQS: 524544, nr_irqs: 440, preallocated irqs: 16
[    0.004000] Console: colour VGA+ 80x25
[    0.004000] console [tty1] enabled
[    0.004000] console [ttyS0] enabled
[    0.004000] ACPI: Core revision 20170831
[    0.004000] ACPI: 2 ACPI AML tables successfully acquired and loaded
[    0.004000] APIC: Switch to symmetric I/O mode setup
[    0.004000] x2apic enabled
[    0.004000] Switched APIC routing to physical x2apic.
[    0.004000] ..TIMER: vector=0x30 apic1=0 pin1=2 apic2=-1 pin2=-1
[    0.004005] tsc: Detected 2496.000 MHz processor
[    0.004800] Calibrating delay loop (skipped) preset value.. 4992.00 BogoMIPS (lpj=9984000)
[    0.005393] pid_max: default: 32768 minimum: 301
[    0.006218] Security Framework initialized
[    0.008002] Yama: becoming mindful.
[    0.008650] AppArmor: AppArmor initialized
[    0.010036] Dentry cache hash table entries: 262144 (order: 9, 2097152 bytes)
[    0.011766] Inode-cache hash table entries: 131072 (order: 8, 1048576 bytes)
[    0.012027] Mount-cache hash table entries: 4096 (order: 3, 32768 bytes)
[    0.013398] Mountpoint-cache hash table entries: 4096 (order: 3, 32768 bytes)
[    0.016330] mce: CPU supports 0 MCE banks
[    0.017226] Last level iTLB entries: 4KB 64, 2MB 8, 4MB 8
[    0.018364] Last level dTLB entries: 4KB 64, 2MB 0, 4MB 0, 1GB 4
[    0.020019] Spectre V2 : Mitigation: Full generic retpoline
[    0.021599] Spectre V2 : Spectre v2 / SpectreRSB mitigation: Filling RSB on context switch
[    0.023027] Speculative Store Bypass: Vulnerable
[    0.024092] Freeing SMP alternatives memory: 36K
[    0.028000] smpboot: CPU0: Intel(R) Core(TM) i5-6300U CPU @ 2.40GHz (family: 0x6, model: 0x4e, stepping: 0x3)
[    0.028000] Performance Events: unsupported p6 CPU model 78 no PMU driver, software events only.
[    0.028076] Hierarchical SRCU implementation.
[    0.029790] NMI watchdog: Perf event create on CPU 0 failed with -2
[    0.030787] NMI watchdog: Perf NMI watchdog permanently disabled
[    0.032063] smp: Bringing up secondary CPUs ...
[    0.032834] x86: Booting SMP configuration:
[    0.033487] .... node  #0, CPUs:      #1
[    0.004000] kvm-clock: cpu 1, msr 0:7ff44041, secondary cpu clock
[    0.004000] mce: CPU supports 0 MCE banks
[    0.039022] smp: Brought up 1 node, 2 CPUs
[    0.039022] smpboot: Max logical packages: 1
[    0.040008] smpboot: Total of 2 processors activated (9984.00 BogoMIPS)
[    0.041518] devtmpfs: initialized
[    0.041518] x86/mm: Memory block size: 128MB
[    0.044188] evm: security.selinux
[    0.044825] evm: security.SMACK64
[    0.045455] evm: security.SMACK64EXEC
[    0.046138] evm: security.SMACK64TRANSMUTE
[    0.046890] evm: security.SMACK64MMAP
[    0.047578] evm: security.apparmor
[    0.048003] evm: security.ima
[    0.048581] evm: security.capability
[    0.049292] clocksource: jiffies: mask: 0xffffffff max_cycles: 0xffffffff, max_idle_ns: 7645041785100000 ns
[    0.049727] futex hash table entries: 512 (order: 3, 32768 bytes)
[    0.052061] pinctrl core: initialized pinctrl subsystem
[    0.053137] RTC time:  8:28:12, date: 06/16/19
[    0.054128] NET: Registered protocol family 16
[    0.055044] audit: initializing netlink subsys (disabled)
[    0.056046] audit: type=2000 audit(1560673697.161:1): state=initialized audit_enabled=0 res=1
[    0.057331] cpuidle: using governor ladder
[    0.057331] cpuidle: using governor menu
[    0.057331] ACPI: bus type PCI registered
[    0.058038] acpiphp: ACPI Hot Plug PCI Controller Driver version: 0.5
[    0.060153] PCI: Using configuration type 1 for base access
[    0.064050] HugeTLB registered 2.00 MiB page size, pre-allocated 0 pages
[    0.065069] ACPI: Added _OSI(Module Device)
[    0.065458] ACPI: Added _OSI(Processor Device)
[    0.066461] ACPI: Added _OSI(3.0 _SCP Extensions)
[    0.068018] ACPI: Added _OSI(Processor Aggregator Device)
[    0.068838] ACPI: Added _OSI(Linux-Dell-Video)
[    0.069684] ACPI: Added _OSI(Linux-Lenovo-NV-HDMI-Audio)
[    0.070604] ACPI: Added _OSI(Linux-HPI-Hybrid-Graphics)
[    0.072281] ACPI: Executed 1 blocks of module-level executable AML code
[    0.077788] ACPI: Interpreter enabled
[    0.078595] ACPI: (supports S0 S5)
[    0.079289] ACPI: Using IOAPIC for interrupt routing
[    0.080282] PCI: Using host bridge windows from ACPI; if necessary, use "pci=nocrs" and report a bug
[    0.082031] ACPI: Enabled 2 GPEs in block 00 to 07
[    0.088577] ACPI: PCI Root Bridge [PCI0] (domain 0000 [bus 00-ff])
[    0.089654] acpi PNP0A03:00: _OSC: OS supports [ASPM ClockPM Segments MSI]
[    0.091739] acpi PNP0A03:00: _OSC: not requesting OS control; OS requires [ExtendedConfig ASPM ClockPM MSI]
[    0.092022] acpi PNP0A03:00: fail to add MMCONFIG information, can't access extended PCI configuration space under this bridge.
[    0.094323] PCI host bridge to bus 0000:00
[    0.096004] pci_bus 0000:00: root bus resource [io  0x0000-0x0cf7 window]
[    0.097171] pci_bus 0000:00: root bus resource [io  0x0d00-0xffff window]
[    0.098432] pci_bus 0000:00: root bus resource [mem 0x000a0000-0x000bffff window]
[    0.100008] pci_bus 0000:00: root bus resource [mem 0x80000000-0xfdffffff window]
[    0.101385] pci_bus 0000:00: root bus resource [bus 00-ff]
[    0.104512] pci 0000:00:01.1: legacy IDE quirk: reg 0x10: [io  0x01f0-0x01f7]
[    0.105898] pci 0000:00:01.1: legacy IDE quirk: reg 0x14: [io  0x03f6]
[    0.107340] pci 0000:00:01.1: legacy IDE quirk: reg 0x18: [io  0x0170-0x0177]
[    0.108007] pci 0000:00:01.1: legacy IDE quirk: reg 0x1c: [io  0x0376]
[    0.130709] pci 0000:00:07.0: quirk: [io  0x4000-0x403f] claimed by PIIX4 ACPI
[    0.132017] pci 0000:00:07.0: quirk: [io  0x4100-0x410f] claimed by PIIX4 SMB
[    0.149752] ACPI: PCI Interrupt Link [LNKA] (IRQs 5 9 10 *11)
[    0.151127] ACPI: PCI Interrupt Link [LNKB] (IRQs 5 9 *10 11)
[    0.152176] ACPI: PCI Interrupt Link [LNKC] (IRQs 5 *9 10 11)
[    0.153365] ACPI: PCI Interrupt Link [LNKD] (IRQs 5 9 10 *11)
[    0.154829] SCSI subsystem initialized
[    0.156063] pci 0000:00:02.0: vgaarb: setting as boot VGA device
[    0.157053] pci 0000:00:02.0: vgaarb: VGA device added: decodes=io+mem,owns=io+mem,locks=none
[    0.158285] pci 0000:00:02.0: vgaarb: bridge control possible
[    0.159239] vgaarb: loaded
[    0.160020] ACPI: bus type USB registered
[    0.160773] usbcore: registered new interface driver usbfs
[    0.162039] usbcore: registered new interface driver hub
[    0.162980] usbcore: registered new device driver usb
[    0.164023] EDAC MC: Ver: 3.0.0
[    0.164816] PCI: Using ACPI for IRQ routing
[    0.164972] NetLabel: Initializing
[    0.165521] NetLabel:  domain hash size = 128
[    0.166196] NetLabel:  protocols = UNLABELED CIPSOv4 CALIPSO
[    0.167057] NetLabel:  unlabeled traffic allowed by default
[    0.168080] clocksource: Switched to clocksource kvm-clock
[    0.180144] VFS: Disk quotas dquot_6.6.0
[    0.180829] VFS: Dquot-cache hash table entries: 512 (order 0, 4096 bytes)
[    0.181921] AppArmor: AppArmor Filesystem Enabled
[    0.182729] pnp: PnP ACPI init
[    0.184150] pnp: PnP ACPI: found 3 devices
[    0.194013] clocksource: acpi_pm: mask: 0xffffff max_cycles: 0xffffff, max_idle_ns: 2085701024 ns
[    0.195768] NET: Registered protocol family 2
[    0.196814] TCP established hash table entries: 16384 (order: 5, 131072 bytes)
[    0.197935] TCP bind hash table entries: 16384 (order: 6, 262144 bytes)
[    0.199555] TCP: Hash tables configured (established 16384 bind 16384)
[    0.200740] UDP hash table entries: 1024 (order: 3, 32768 bytes)
[    0.201762] UDP-Lite hash table entries: 1024 (order: 3, 32768 bytes)
[    0.202906] NET: Registered protocol family 1
[    0.203715] pci 0000:00:00.0: Limiting direct PCI/PCI transfers
[    0.204772] pci 0000:00:01.0: Activating ISA DMA hang workarounds
[    0.205935] pci 0000:00:02.0: Video device with shadowed ROM at [mem 0x000c0000-0x000dffff]
[    0.207698] Unpacking initramfs...
[    0.581004] Freeing initrd memory: 25708K
[    0.581942] platform rtc_cmos: registered platform RTC device (no PNP device found)
[    0.583295] Scanning for low memory corruption every 60 seconds
[    0.585300] Initialise system trusted keyrings
[    0.587725] Key type blacklist registered
[    0.589354] workingset: timestamp_bits=36 max_order=19 bucket_order=0
[    0.593099] zbud: loaded
[    0.595808] squashfs: version 4.0 (2009/01/31) Phillip Lougher
[    0.598214] fuse init (API version 7.26)
[    0.602062] Key type asymmetric registered
[    0.603517] Asymmetric key parser 'x509' registered
[    0.606314] Block layer SCSI generic (bsg) driver version 0.4 loaded (major 246)
[    0.607744] io scheduler noop registered
[    0.608525] io scheduler deadline registered
[    0.609457] io scheduler cfq registered (default)
[    0.610566] ACPI: AC Adapter [AC] (on-line)
[    0.611610] input: Power Button as /devices/LNXSYSTM:00/LNXPWRBN:00/input/input0
[    0.613103] ACPI: Power Button [PWRF]
[    0.614115] input: Sleep Button as /devices/LNXSYSTM:00/LNXSLPBN:00/input/input1
[    0.615425] ACPI: Sleep Button [SLPF]
[    0.617080] ACPI: Battery Slot [BAT0] (battery present)
[    0.618170] Serial: 8250/16550 driver, 32 ports, IRQ sharing enabled
[    0.640066] 00:02: ttyS0 at I/O 0x3f8 (irq = 4, base_baud = 115200) is a 16550A
[    0.644782] Linux agpgart interface v0.103
[    0.648877] loop: module loaded
[    0.651155] scsi host0: ata_piix
[    0.652040] scsi host1: ata_piix
[    0.652841] ata1: PATA max UDMA/33 cmd 0x1f0 ctl 0x3f6 bmdma 0xd000 irq 14
[    0.654229] ata2: PATA max UDMA/33 cmd 0x170 ctl 0x376 bmdma 0xd008 irq 15
[    0.655664] libphy: Fixed MDIO Bus: probed
[    0.656576] tun: Universal TUN/TAP device driver, 1.6
[    0.657831] PPP generic driver version 2.4.2
[    0.658800] ehci_hcd: USB 2.0 'Enhanced' Host Controller (EHCI) Driver
[    0.660137] ehci-pci: EHCI PCI platform driver
[    0.661039] ehci-platform: EHCI generic platform driver
[    0.662053] ohci_hcd: USB 1.1 'Open' Host Controller (OHCI) Driver
[    0.663229] ohci-pci: OHCI PCI platform driver
[    0.664175] ohci-platform: OHCI generic platform driver
[    0.665196] uhci_hcd: USB Universal Host Controller Interface driver
[    0.666714] i8042: PNP: PS/2 Controller [PNP0303:PS2K,PNP0f03:PS2M] at 0x60,0x64 irq 1,12
[    0.668872] serio: i8042 KBD port at 0x60,0x64 irq 1
[    0.669912] serio: i8042 AUX port at 0x60,0x64 irq 12
[    0.674425] mousedev: PS/2 mouse device common for all mice
[    0.676834] rtc_cmos rtc_cmos: rtc core: registered rtc_cmos as rtc0
[    0.682787] rtc_cmos rtc_cmos: alarms up to one day, 114 bytes nvram
[    0.682792] input: AT Translated Set 2 keyboard as /devices/platform/i8042/serio0/input/input2
[    0.685503] i2c /dev entries driver
[    0.686235] pcie_mp2_amd: AMD(R) PCI-E MP2 Communication Driver Version: 1.0
[    0.687504] device-mapper: uevent: version 1.0.3
[    0.688554] device-mapper: ioctl: 4.37.0-ioctl (2017-09-20) initialised: dm-devel@redhat.com
[    0.690399] ledtrig-cpu: registered to indicate activity on CPUs
[    0.691974] NET: Registered protocol family 10
[    0.696694] Segment Routing with IPv6
[    0.697663] NET: Registered protocol family 17
[    0.698707] Key type dns_resolver registered
[    0.699762] RAS: Correctable Errors collector initialized.
[    0.701154] sched_clock: Marking stable (700997019, 0)->(974555295, -273558276)
[    0.713951] registered taskstats version 1
[    0.714904] Loading compiled-in X.509 certificates
[    0.718743] Loaded X.509 cert 'Build time autogenerated kernel key: 7211859d1298c08a101905a3cb814e8c7b4bf4a4'
[    0.720718] zswap: loaded using pool lzo/zbud
[    0.730835] Key type big_key registered
[    0.731904] Key type trusted registered
[    0.735419] Key type encrypted registered
[    0.736222] AppArmor: AppArmor sha1 policy hashing enabled
[    0.737283] ima: No TPM chip found, activating TPM-bypass! (rc=-19)
[    0.738527] ima: Allocated hash algorithm: sha1
[    0.740417] evm: HMAC attrs: 0x1
[    0.741451]   Magic number: 7:973:472
[    0.742173] acpi LNXSYSTM:00: hash matches
[    0.743073] rtc_cmos rtc_cmos: setting system clock to 2019-06-16 08:28:12 UTC (1560673692)
[    0.744731] BIOS EDD facility v0.16 2004-Jun-25, 0 devices found
[    0.746111] EDD information not available.
[    0.819842] Freeing unused kernel memory: 2408K
[    0.832072] Write protecting the kernel read-only data: 20480k
[    0.833687] Freeing unused kernel memory: 2008K
[    0.840888] Freeing unused kernel memory: 1892K
[    0.847990] x86/mm: Checked W+X mappings: passed, no W+X pages found.
[    0.849182] x86/mm: Checking user space page tables
[    0.855170] x86/mm: Checked W+X mappings: passed, no W+X pages found.
Loading, please wait...
starting version 237
[    0.943488] Fusion MPT base driver 3.04.20
[    0.944968] Copyright (c) 1999-2008 LSI Corporation
[    0.949408] e1000: Intel(R) PRO/1000 Network Driver - version 7.3.21-k8-NAPI
[    0.950727] e1000: Copyright (c) 1999-2006 Intel Corporation.
[    0.967853] Fusion MPT SPI Host driver 3.04.20
[    0.971599] AVX2 version of gcm_enc/dec engaged.
[    0.974709] AES CTR mode by8 optimization enabled
[    1.166819] input: ImExPS/2 Generic Explorer Mouse as /devices/platform/i8042/serio1/input/input4
[    1.361971] e1000 0000:00:11.0 eth0: (PCI:33MHz:32-bit) 02:ec:f5:8e:6b:01
[    1.363660] e1000 0000:00:11.0 eth0: Intel(R) PRO/1000 Network Connection
[    1.366105] mptbase: ioc0: Initiating bringup
[    1.366321] e1000 0000:00:11.0 enp0s17: renamed from eth0
[    1.471308] ioc0: LSI53C1030 A0: Capabilities={Initiator}
[    1.596334] clocksource: tsc: mask: 0xffffffffffffffff max_cycles: 0x23fa772cf26, max_idle_ns: 440795269835 ns
[    1.727160] scsi host2: ioc0: LSI53C1030 A0, FwRev=00000000h, Ports=1, MaxQ=256, IRQ=20
[    1.901285] scsi 2:0:0:0: Direct-Access     VBOX     HARDDISK         1.0  PQ: 0 ANSI: 5
[    2.030787] scsi target2:0:0: Beginning Domain Validation
[    2.034806] scsi target2:0:0: Domain Validation skipping write tests
[    2.036241] scsi target2:0:0: Ending Domain Validation
[    2.037439] scsi target2:0:0: asynchronous
[    2.038550] scsi 2:0:1:0: Direct-Access     VBOX     HARDDISK         1.0  PQ: 0 ANSI: 5
[    2.636086] scsi target2:0:1: Beginning Domain Validation
[    2.645685] random: fast init done
[    2.647977] scsi target2:0:1: Domain Validation skipping write tests
[    2.651819] scsi target2:0:1: Ending Domain Validation
[    2.655009] scsi target2:0:1: asynchronous
[    2.675488] random: systemd-udevd: uninitialized urandom read (16 bytes read)
[    2.682681] random: systemd-udevd: uninitialized urandom read (16 bytes read)
[    2.687179] random: systemd-udevd: uninitialized urandom read (16 bytes read)
[    2.687265] sd 2:0:0:0: Attached scsi generic sg0 type 0
[    2.688191] sd 2:0:1:0: Attached scsi generic sg1 type 0
[    2.697928] sd 2:0:0:0: [sda] 20971520 512-byte logical blocks: (10.7 GB/10.0 GiB)
[    2.703093] sd 2:0:0:0: [sda] Write Protect is off
[    2.713958] sd 2:0:1:0: [sdb] 20480 512-byte logical blocks: (10.5 MB/10.0 MiB)
[    2.717952] sd 2:0:0:0: [sda] Incomplete mode parameter data
[    2.717959] sd 2:0:0:0: [sda] Assuming drive cache: write through
[    2.718067] sd 2:0:1:0: [sdb] Write Protect is off
[    2.728748] sd 2:0:1:0: [sdb] Incomplete mode parameter data
[    2.728753] sd 2:0:1:0: [sdb] Assuming drive cache: write through
[    2.742577]  sda: sda1
[    2.756292] sd 2:0:0:0: [sda] Attached SCSI disk
[    2.757852] sd 2:0:1:0: [sdb] Attached SCSI disk
Begin: Loading essential drivers ... [    4.252058] raid6: sse2x1   gen()  7214 MB/s
[    4.300031] raid6: sse2x1   xor()  5871 MB/s
[    4.348071] raid6: sse2x2   gen() 11714 MB/s
[    4.396073] raid6: sse2x2   xor()  7634 MB/s
[    4.444013] raid6: sse2x4   gen() 12892 MB/s
[    4.492041] raid6: sse2x4   xor()  8403 MB/s
[    4.540053] raid6: avx2x1   gen() 18896 MB/s
[    4.588062] raid6: avx2x1   xor() 12831 MB/s
[    4.636056] raid6: avx2x2   gen() 22511 MB/s
[    4.684057] raid6: avx2x2   xor() 13422 MB/s
[    4.732038] raid6: avx2x4   gen() 23612 MB/s
[    4.780064] raid6: avx2x4   xor() 11407 MB/s
[    4.780783] raid6: using algorithm avx2x4 gen() 23612 MB/s
[    4.781666] raid6: .... xor() 11407 MB/s, rmw enabled
[    4.782515] raid6: using avx2x2 recovery algorithm
[    4.784186] xor: automatically using best checksumming function   avx       
[    4.786892] async_tx: api initialized (async)
done.
Begin: Running /scripts/init-premount ... done.
Begin: Mounting root file system ... Begin: Running /scripts/local-top ... done.
Begin: Running /scripts/local-premount ... [    4.846595] Btrfs loaded, crc32c=crc32c-intel
Scanning for Btrfs filesystems
done.
Warning: fsck not present, so skipping root file system
[    4.884808] EXT4-fs (sda1): mounted filesystem with ordered data mode. Opts: (null)
done.
Begin: Running /scripts/local-bottom ... done.
Begin: Running /scripts/init-bottom ... done.
[    5.282385] ip_tables: (C) 2000-2006 Netfilter Core Team
[    5.301098] systemd[1]: systemd 237 running in system mode. (+PAM +AUDIT +SELINUX +IMA +APPARMOR +SMACK +SYSVINIT +UTMP +LIBCRYPTSETUP +GCRYPT +GNUTLS +ACL +XZ +LZ4 +SECCOMP +BLKID +ELFUTILS +KMOD -IDN2 +IDN -PCRE2 default-hierarchy=hybrid)
[    5.311178] systemd[1]: Detected virtualization oracle.
[    5.312280] systemd[1]: Detected architecture x86-64.

Welcome to [1mUbuntu 18.04.2 LTS[0m!

[    5.320478] systemd[1]: Set hostname to <siftworkstation>.
[    5.687117] systemd[1]: Reached target User and Group Name Lookups.
[[0;32m  OK  [0m] Reached target User and Group Name Lookups.
[    5.691099] systemd[1]: Started Forward Password Requests to Wall Directory Watch.
[[0;32m  OK  [0m] Started Forward Password Requests to Wall Directory Watch.
[    5.695374] systemd[1]: Created slice System Slice.
[[0;32m  OK  [0m] Created slice System Slice.
[    5.697052] systemd[1]: Listening on udev Control Socket.
[[0;32m  OK  [0m] Listening on udev Control Socket.
[    5.698827] systemd[1]: Listening on Journal Socket (/dev/log).
[[0;32m  OK  [0m] Listening on Journal Socket (/dev/log).
[    5.716247] systemd[1]: Listening on udev Kernel Socket.
[[0;32m  OK  [0m] Listening on udev Kernel Socket.
[[0;32m  OK  [0m] Listening on LVM2 poll daemon socket.
[[0;32m  OK  [0m] Reached target Swap.
[[0;32m  OK  [0m] Created slice User and Session Slice.
[[0;32m  OK  [0m] Reached target Slices.
[[0;32m  OK  [0m] Listening on Device-mapper event daemon FIFOs.
[[0;32m  OK  [0m] Set up automount Arbitrary Executab…rmats File System Automount Point.
[[0;32m  OK  [0m] Listening on /dev/initctl Compatibility Named Pipe.
[[0;32m  OK  [0m] Listening on Journal Audit Socket.
[[0;32m  OK  [0m] Created slice system-serial\x2dgetty.slice.
[[0;32m  OK  [0m] Reached target System Time Synchronized.
[[0;32m  OK  [0m] Listening on LVM2 metadata daemon socket.
[[0;32m  OK  [0m] Listening on Syslog Socket.
[[0;32m  OK  [0m] Listening on Network Service Netlink Socket.
[[0;32m  OK  [0m] Listening on Journal Socket.
         Starting Create list of required st…ce nodes for the current kernel...
         Mounting Kernel Debug File System...
         Starting Journal Service...
         Starting udev Coldplug all Devices...
         Mounting Huge Pages File System...
         Starting Monitoring of LVM2 mirrors…ng dmeventd or progress polling...
         Starting Remount Root and Kernel File Systems...
         Starting Load Kernel Modules...
         Starting Uncomplicated firewall...
         Mounting POSIX Message Queue File System...
         Starting Set the console keyboard layout...
[[0;32m  OK  [0m] Started Create list of required sta…vice nodes for the current kernel.
[[0;32m  OK  [0m] Mounted Kernel Debug File System.
[[0;32m  OK  [0m] Mounted Huge Pages File System.
[[0;32m  OK  [0m] Mounted POSIX Message Queue File System.
         Starting Create Static Device Nodes in /dev...
[[0;32m  OK  [0m] Started LVM2 metadata daemon.
[[0;32m  OK  [0m] Started udev Coldplug all Devices.
[[0;32m  OK  [0m] Started Journal Service.
[[0;32m  OK  [0m] Started Uncomplicated firewall.
[[0;32m  OK  [0m] Started Create Static Device Nodes in /dev.
[    6.015820] EXT4-fs (sda1): re-mounted. Opts: (null)
[    6.017621] lp: driver loaded but no devices found
[[0;32m  OK  [0m] Started Remount Root and Kernel File Systems.
         Starting Load/Save Random Seed...
         Starting udev Kernel Device Manager...
         Starting Flush Journal to Persistent Storage...
[[0;32m  OK  [0m] Started Monitoring of LVM2 mirrors,…sing dmeventd or progress polling.
[    6.052565] ppdev: user-space parallel port driver
[    6.061100] Loading iSCSI transport class v2.0-870.
[    6.067803] iscsi: registered transport (tcp)
[[0;32m  OK  [0m] Started Load/Save Random Seed.
[    6.094250] systemd-journald[394]: Received request to flush runtime journal from PID 1
[[0;32m  OK  [0m] Started udev Kernel Device Manager.
[    6.198606] iscsi: registered transport (iser)
[[0;32m  OK  [0m] Started Load Kernel Modules.
         Mounting Kernel Configuration File System...
         Starting Apply Kernel Variables...
         Mounting FUSE Control File System...
[[0;32m  OK  [0m] Mounted FUSE Control File System.
[[0;32m  OK  [0m] Mounted Kernel Configuration File System.
[[0;32m  OK  [0m] Started Apply Kernel Variables.
[[0;32m  OK  [0m] Started Flush Journal to Persistent Storage.
[[0;32m  OK  [0m] Started Set the console keyboard layout.
[[0;32m  OK  [0m] Reached target Local File Systems (Pre).
[[0;32m  OK  [0m] Reached target Local File Systems.
         Starting Create Volatile Files and Directories...
         Starting ebtables ruleset management...
         Starting Enable support for additional executable binary formats...
         Starting Set console font and keymap...
         Starting QEMU KVM preparation - module, ksm, hugepages...
         Starting Clean up any mess left by 0dns-up...
         Starting AppArmor initialization...
         Starting Tell Plymouth To Write Out Runtime Data...
[[0;32m  OK  [0m] Started Dispatch Password Requests to Console Directory Watch.
[[0;32m  OK  [0m] Reached target Local Encrypted Volumes.
         Mounting Arbitrary Executable File Formats File System...
[[0;32m  OK  [0m] Started Set console font and keymap.
[[0;32m  OK  [0m] Started Create Volatile Files and Directories.
         Starting Update UTMP about System Boot/Shutdown...
[[0;32m  OK  [0m] Started Tell Plymouth To Write Out Runtime Data.
[[0;32m  OK  [0m] Mounted Arbitrary Executable File Formats File System.
[[0;32m  OK  [0m] Started Update UTMP about System Boot/Shutdown.
[[0;32m  OK  [0m] Started Enable support for additional executable binary formats.
[[0;32m  OK  [0m] Started QEMU KVM preparation - module, ksm, hugepages.
[[0;32m  OK  [0m] Started Clean up any mess left by 0dns-up.
[[0;32m  OK  [0m] Found device /dev/ttyS0.
[[0;32m  OK  [0m] Started ebtables ruleset management.
[[0;32m  OK  [0m] Listening on Load/Save RF Kill Switch Status /dev/rfkill Watch.
[[0;32m  OK  [0m] Started AppArmor initialization.
         Starting Initial cloud-init job (pre-networking)...
[    8.526283] cloud-init[596]: Cloud-init v. 19.1-1-gbaa47854-0ubuntu1~18.04.1 running 'init-local' at Sun, 16 Jun 2019 08:28:20 +0000. Up 8.30 seconds.
[[0;32m  OK  [0m] Started Initial cloud-init job (pre-networking).
[[0;32m  OK  [0m] Reached target Network (Pre).
         Starting Network Service...
         Starting Raise network interfaces...
[[0;32m  OK  [0m] Started Network Service.
         Starting Network Name Resolution...
         Starting Wait for Network to be Configured...
[[0;32m  OK  [0m] Started Raise network interfaces.
[[0;32m  OK  [0m] Started Network Name Resolution.
[[0;32m  OK  [0m] Reached target Host and Network Name Lookups.
[[0;32m  OK  [0m] Started Wait for Network to be Configured.
         Starting Initial cloud-init job (metadata service crawler)...
[   11.237448] cloud-init[800]: Cloud-init v. 19.1-1-gbaa47854-0ubuntu1~18.04.1 running 'init' at Sun, 16 Jun 2019 08:28:22 +0000. Up 10.92 seconds.
[   11.239429] cloud-init[800]: ci-info: ++++++++++++++++++++++++++++++++++++++Net device info+++++++++++++++++++++++++++++++++++++++
[   11.252201] cloud-init[800]: ci-info: +---------+------+----------------------------+---------------+--------+-------------------+
[   11.253579] cloud-init[800]: ci-info: |  Device |  Up  |          Address           |      Mask     | Scope  |     Hw-Address    |
[   11.255205] cloud-init[800]: ci-info: +---------+------+----------------------------+---------------+--------+-------------------+
[   11.256855] cloud-init[800]: ci-info: | enp0s17 | True |         10.0.2.15          | 255.255.255.0 | global | 02:ec:f5:8e:6b:01 |
[   11.258321] cloud-init[800]: ci-info: | enp0s17 | True | fe80::ec:f5ff:fe8e:6b01/64 |       .       |  link  | 02:ec:f5:8e:6b:01 |
[   11.259786] cloud-init[800]: ci-info: |    lo   | True |         127.0.0.1          |   255.0.0.0   |  host  |         .         |
[   11.261717] cloud-init[800]: ci-info: |    lo   | True |          ::1/128           |       .       |  host  |         .         |
[   11.263343] cloud-init[800]: ci-info: +---------+------+----------------------------+---------------+--------+-------------------+
[   11.265044] cloud-init[800]: ci-info: ++++++++++++++++++++++++++++Route IPv4 info+++++++++++++++++++++++++++++
[   11.277044] cloud-init[800]: ci-info: +-------+-------------+----------+-----------------+-----------+-------+
[   11.278563] cloud-init[800]: ci-info: | Route | Destination | Gateway  |     Genmask     | Interface | Flags |
[   11.279915] cloud-init[800]: ci-info: +-------+-------------+----------+-----------------+-----------+-------+
[   11.282350] cloud-init[800]: ci-info: |   0   |   0.0.0.0   | 10.0.2.2 |     0.0.0.0     |  enp0s17  |   UG  |
[   11.294608] cloud-init[800]: ci-info: |   1   |   10.0.2.0  | 0.0.0.0  |  255.255.255.0  |  enp0s17  |   U   |
[   11.302587] cloud-init[800]: ci-info: |   2   |   10.0.2.2  | 0.0.0.0  | 255.255.255.255 |  enp0s17  |   UH  |
[   11.314993] cloud-init[800]: ci-info: +-------+-------------+----------+-----------------+-----------+-------+
[   11.328863] cloud-init[800]: ci-info: +++++++++++++++++++Route IPv6 info+++++++++++++++++++
[   11.331331] cloud-init[800]: ci-info: +-------+-------------+---------+-----------+-------+
[   11.333090] cloud-init[800]: ci-info: | Route | Destination | Gateway | Interface | Flags |
[   11.334655] cloud-init[800]: ci-info: +-------+-------------+---------+-----------+-------+
[   11.339264] cloud-init[800]: ci-info: |   1   |  fe80::/64  |    ::   |  enp0s17  |   U   |
[   11.342838] cloud-init[800]: ci-info: |   3   |    local    |    ::   |  enp0s17  |   U   |
[   11.353053] cloud-init[800]: ci-info: |   4   |   ff00::/8  |    ::   |  enp0s17  |   U   |
[   11.357589] cloud-init[800]: ci-info: +-------+-------------+---------+-----------+-------+
[[0;32m  OK  [0m] Started Initial cloud-init job (metadata service crawler).
[[0;32m  OK  [0m] Reached target System Initialization.
[[0;32m  OK  [0m] Started Discard unused blocks once a week.
         Starting Socket activation for snappy daemon.
[[0;32m  OK  [0m] Listening on ACPID Listen Socket.
[[0;32m  OK  [0m] Listening on Avahi mDNS/DNS-SD Stack Activation Socket.
         Starting LXD - unix socket.
[[0;32m  OK  [0m] Started Daily apt download activities.
[[0;32m  OK  [0m] Started Daily apt upgrade and clean activities.
[[0;32m  OK  [0m] Started Message of the Day.
[[0;32m  OK  [0m] Listening on UUID daemon activation socket.
[[0;32m  OK  [0m] Started Daily Cleanup of Temporary Directories.
[[0;32m  OK  [0m] Listening on Open-iSCSI iscsid Socket.
[[0;32m  OK  [0m] Started CUPS Scheduler.
[[0;32m  OK  [0m] Listening on CUPS Scheduler.
[[0;32m  OK  [0m] Started Trigger anacron every hour.
[[0;32m  OK  [0m] Reached target Timers.
[[0;32m  OK  [0m] Started ACPI Events Check.
[[0;32m  OK  [0m] Reached target Paths.
[[0;32m  OK  [0m] Listening on D-Bus System Message Bus Socket.
[[0;32m  OK  [0m] Reached target Cloud-config availability.
[[0;32m  OK  [0m] Listening on Socket activation for snappy daemon.
[[0;32m  OK  [0m] Listening on LXD - unix socket.
[[0;32m  OK  [0m] Reached target Sockets.
[[0;32m  OK  [0m] Reached target Basic System.
         Starting Dispatcher daemon for systemd-networkd...
[[0;32m  OK  [0m] Started Regular background program processing daemon.
         Starting Disk Manager...
         Starting Restore /etc/resolv.conf i…fore the ppp link was shut down...
         Starting Login Service...
[[0;32m  OK  [0m] Started Run anacron jobs.
         Starting LXD - container startup/shutdown...
[[0;32m  OK  [0m] Started ClamAV virus database updater.
[[0;32m  OK  [0m] Started irqbalance daemon.
         Starting Detect the available GPUs and deal with any system changes...
[[0;32m  OK  [0m] Started FUSE filesystem for LXC.
         Starting System Logging Service...
[[0;32m  OK  [0m] Started Deferred execution scheduler.
[[0;32m  OK  [0m] Started CUPS Scheduler.
         Starting Avahi mDNS/DNS-SD Stack...
         Starting Virtualbox guest utils...
[[0;32m  OK  [0m] Started D-Bus System Message Bus.
         Starting WPA supplicant...
         Starting Network Manager...
         Starting Accounts Service...
[[0;32m  OK  [0m] Started ACPI event daemon.
         Starting Modem Manager...
         Starting LSB: Record successful boot for GRUB...
         Starting Snappy daemon...
[[0;32m  OK  [0m] Started System Logging Service.
[[0;32m  OK  [0m] Started Restore /etc/resolv.conf if…before the ppp link was shut down.
[[0;32m  OK  [0m] Started Detect the available GPUs and deal with any system changes.
[[0;32m  OK  [0m] Started Login Service.
[[0;32m  OK  [0m] Started Avahi mDNS/DNS-SD Stack.
[[0;32m  OK  [0m] Started WPA supplicant.
[[0;32m  OK  [0m] Started Make remote CUPS printers available locally.
         Starting Authorization Manager...
[[0;32m  OK  [0m] Started Dispatcher daemon for systemd-networkd.
[[0;32m  OK  [0m] Started Authorization Manager.
[[0;32m  OK  [0m] Started LSB: Record successful boot for GRUB.
[[0;32m  OK  [0m] Started Accounts Service.
[[0;32m  OK  [0m] Started Disk Manager.
[[0;32m  OK  [0m] Started Modem Manager.
[[0;32m  OK  [0m] Started Virtualbox guest utils.
         Starting Hostname Service...
[[0;32m  OK  [0m] Started Snappy daemon.
         Starting Wait until snapd is fully seeded...
[[0;32m  OK  [0m] Started LXD - container startup/shutdown.
[[0;32m  OK  [0m] Started Hostname Service.
[[0;32m  OK  [0m] Started Network Manager.
[[0;32m  OK  [0m] Reached target Network.
[[0;32m  OK  [0m] Started Unattended Upgrades Shutdown.
[[0;32m  OK  [0m] Started netflow capture daemon.
         Starting Network Manager Wait Online...
[[0;32m  OK  [0m] Started Wait until snapd is fully seeded.
         Starting Network Manager Script Dispatcher Service...
[[0;32m  OK  [0m] Started Network Manager Script Dispatcher Service.
[[0;32m  OK  [0m] Started Network Manager Wait Online.
[[0;32m  OK  [0m] Reached target Network is Online.
         Starting Samba NMB Daemon...
[[0;32m  OK  [0m] Reached target Remote File Systems (Pre).
[[0;32m  OK  [0m] Reached target Remote File Systems.
         Starting LSB: Start or stop stunnel…TLS tunnel for network daemons)...
         Starting LSB: Speech Dispatcher...
         Starting Permit User Sessions...
         Starting The Apache HTTP Server...
         Starting LSB: automatic crash report generation...
         Starting Availability of block devices...
         Starting Tool to automatically coll… submit kernel crash signatures...
[[0;32m  OK  [0m] Started crash report submission daemon.
         Starting OpenBSD Secure Shell server...
         Starting Apply the settings specified in cloud-config...
[[0;32m  OK  [0m] Started Permit User Sessions.
[[0;32m  OK  [0m] Started Availability of block devices.
         Starting GNOME Display Manager...
         Starting Hold until boot process finishes up...
[[0;32m  OK  [0m] Started Hold until boot process finishes up.
[[0;32m  OK  [0m] Started Tool to automatically colle…nd submit kernel crash signatures.
[[0;32m  OK  [0m] Started Serial Getty on ttyS0.
[[0;32m  OK  [0m] Reached target Login Prompts.
         Starting Set console scheme...
[[0;32m  OK  [0m] Started LSB: Speech Dispatcher.
[[0;32m  OK  [0m] Started LSB: Start or stop stunnel … (TLS tunnel for network daemons).
[[0;32m  OK  [0m] Started Set console scheme.
[[0;32m  OK  [0m] Created slice system-getty.slice.
[[0;32m  OK  [0m] Started LSB: automatic crash report generation.
[[0;32m  OK  [0m] Started GNOME Display Manager.
[[0;1;31mFAILED[0m] Failed to start Samba NMB Daemon.
See 'systemctl status nmbd.service' for details.
         Starting Samba Winbind Daemon...
[[0;32m  OK  [0m] Started OpenBSD Secure Shell server.
[[0;32m  OK  [0m] Started The Apache HTTP Server.
[[0;1;31mFAILED[0m] Failed to start Samba Winbind Daemon.
See 'systemctl status winbind.service' for details.
         Starting Samba SMB Daemon...
[[0;32m  OK  [0m] Created slice User Slice of vagrant.
         Starting User Manager for UID 1000...
[[0;32m  OK  [0m] Started Session 1 of user vagrant.
[[0;1;31mFAILED[0m] Failed to start Samba SMB Daemon.
See 'systemctl status smbd.service' for details.
[[0;32m  OK  [0m] Reached target Multi-User System.
[[0;32m  OK  [0m] Reached target Graphical Interface.
         Starting Update UTMP about System Runlevel Changes...
[[0;32m  OK  [0m] Started Update UTMP about System Runlevel Changes.
[[0;32m  OK  [0m] Created slice User Slice of gdm.
         Starting User Manager for UID 126...
[[0;32m  OK  [0m] Started Session c1 of user gdm.
[[0;32m  OK  [0m] Started User Manager for UID 1000.
[[0;32m  OK  [0m] Started User Manager for UID 126.
[   15.876790] cloud-init[1286]: Cloud-init v. 19.1-1-gbaa47854-0ubuntu1~18.04.1 running 'modules:config' at Sun, 16 Jun 2019 08:28:27 +0000. Up 15.68 seconds.
[[0;32m  OK  [0m] Started Apply the settings specified in cloud-config.
         Starting Execute cloud user/final scripts...
         Starting Daemon for power management...
[[0;32m  OK  [0m] Started Daemon for power management.
[   17.147963] cloud-init[1494]: Cloud-init v. 19.1-1-gbaa47854-0ubuntu1~18.04.1 running 'modules:final' at Sun, 16 Jun 2019 08:28:28 +0000. Up 16.91 seconds.
[   17.149769] cloud-init[1494]: Cloud-init v. 19.1-1-gbaa47854-0ubuntu1~18.04.1 finished at Sun, 16 Jun 2019 08:28:28 +0000. Datasource DataSourceNoCloud [seed=/dev/sdb][dsmode=net].  Up 17.13 seconds
[[0;32m  OK  [0m] Started Execute cloud user/final scripts.
[[0;32m  OK  [0m] Reached target Cloud-init target.

Ubuntu 18.04.2 LTS siftworkstation ttyS0

siftworkstation login: [  397.337281] [drm:vbox_bo_unpin [vboxvideo]] *ERROR* unpin bad 0000000007c5b0c4
[  397.625641] [drm:vbox_bo_unpin [vboxvideo]] *ERROR* unpin bad 000000009798c5ba
[  397.903173] [drm:vbox_bo_unpin [vboxvideo]] *ERROR* unpin bad 0000000007c5b0c4
[  398.177948] [drm:vbox_bo_unpin [vboxvideo]] *ERROR* unpin bad 000000009798c5ba
[  398.500696] [drm:vbox_bo_unpin [vboxvideo]] *ERROR* unpin bad 0000000007c5b0c4
[  398.815534] [drm:vbox_bo_unpin [vboxvideo]] *ERROR* unpin bad 000000009798c5ba
[  399.108073] [drm:vbox_bo_unpin [vboxvideo]] *ERROR* unpin bad 0000000007c5b0c4
[  408.113062] [drm:vbox_bo_unpin [vboxvideo]] *ERROR* unpin bad 000000009798c5ba
[  410.111886] [drm:vbox_bo_unpin [vboxvideo]] *ERROR* unpin bad 0000000007c5b0c4
[  410.342600] [drm:vbox_bo_unpin [vboxvideo]] *ERROR* unpin bad 000000009798c5ba
[  410.593748] [drm:vbox_bo_unpin [vboxvideo]] *ERROR* unpin bad 0000000007c5b0c4
[  410.818225] [drm:vbox_bo_unpin [vboxvideo]] *ERROR* unpin bad 000000009798c5ba
[  411.030423] [drm:vbox_bo_unpin [vboxvideo]] *ERROR* unpin bad 0000000007c5b0c4
[  411.333385] [drm:vbox_bo_unpin [vboxvideo]] *ERROR* unpin bad 000000009798c5ba
[  411.355293] [drm:vbox_bo_unpin [vboxvideo]] *ERROR* unpin bad 0000000007c5b0c4
[  411.987888] [drm:vbox_bo_unpin [vboxvideo]] *ERROR* unpin bad 000000009798c5ba
[  412.272764] [drm:vbox_bo_unpin [vboxvideo]] *ERROR* unpin bad 0000000007c5b0c4
[  412.618272] [drm:vbox_bo_unpin [vboxvideo]] *ERROR* unpin bad 000000009798c5ba
         Stopping ACPI event daemon...
         Stopping User Manager for UID 126...
[[0;32m  OK  [0m] Closed Load/Save RF Kill Switch Status /dev/rfkill Watch.
         Stopping Session 5 of user vagrant.
         Stopping Thunderbolt system service...
         Stopping PackageKit Daemon...
         Stopping Session c2 of user gdm.
[[0;32m  OK  [0m] Stopped QEMU KVM preparation - module, ksm, hugepages.
         Stopping Availability of block devices...
         Stopping RealtimeKit Scheduling Policy Service...
[[0;32m  OK  [0m] Stopped target Timers.
[[0;32m  OK  [0m] Stopped Daily Cleanup of Temporary Directories.
[[0;32m  OK  [0m] Stopped Daily apt upgrade and clean activities.
[[0;32m  OK  [0m] Stopped Daily apt download activities.
[[0;32m  OK  [0m] Stopped Trigger anacron every hour.
[[0;32m  OK  [0m] Stopped Message of the Day.
         Stopping Session 9 of user vagrant.
         Stopping User Manager for UID 1000...
         Stopping Daemon for power management...
[[0;32m  OK  [0m] Removed slice system-getty.slice.
[[0;32m  OK  [0m] Stopped target Cloud-init target.
[[0;32m  OK  [0m] Stopped Execute cloud user/final scripts.
[[0;32m  OK  [0m] Stopped Apply the settings specified in cloud-config.
[[0;32m  OK  [0m] Stopped target Graphical Interface.
         Stopping Accounts Service...
         Stopping GNOME Display Manager...
[[0;32m  OK  [0m] Stopped target Multi-User System.
         Stopping LSB: automatic crash report generation...
         Stopping LSB: Start or stop stunnel…TLS tunnel for network daemons)...
         Stopping LSB: Speech Dispatcher...
         Stopping Deferred execution scheduler...
         Stopping Dispatcher daemon for systemd-networkd...
         Stopping System Logging Service...
         Stopping crash report submission daemon...
         Stopping LXD - container startup/shutdown...
         Stopping Virtualbox guest utils...
[[0;32m  OK  [0m] Stopped Wait until snapd is fully seeded.
         Stopping Modem Manager...
         Stopping ClamAV virus database updater...
[[0;32m  OK  [0m] Stopped target Login Prompts.
         Stopping Serial Getty on ttyS0...
         Stopping irqbalance daemon...
         Stopping Regular background program processing daemon...
         Stopping Unattended Upgrades Shutdown...
         Stopping Make remote CUPS printers available locally...
         Stopping The Apache HTTP Server...
         Stopping OpenBSD Secure Shell server...
         Stopping LSB: Record successful boot for GRUB...
         Stopping FUSE filesystem for LXC...
[[0;32m  OK  [0m] Stopped target Cloud-config availability.
         Stopping Tool to automatically coll… submit kernel crash signatures...
         Stopping Manage, Install and Generate Color Profiles...
[[0;32m  OK  [0m] Stopped Discard unused blocks once a week.
         Stopping Disk Manager...
[[0;32m  OK  [0m] Unmounted /var/lib/lxcfs.
[[0;32m  OK  [0m] Stopped Dispatcher daemon for systemd-networkd.
[[0;32m  OK  [0m] Stopped Regular background program processing daemon.
[[0;32m  OK  [0m] Stopped ClamAV virus database updater.
[[0;32m  OK  [0m] Stopped irqbalance daemon.
[[0;32m  OK  [0m] Stopped System Logging Service.
[[0;32m  OK  [0m] Stopped Deferred execution scheduler.
[[0;32m  OK  [0m] Stopped Accounts Service.
[[0;32m  OK  [0m] Stopped ACPI event daemon.
[[0;32m  OK  [0m] Stopped crash report submission daemon.
[[0;32m  OK  [0m] Stopped Serial Getty on ttyS0.
[[0;32m  OK  [0m] Stopped OpenBSD Secure Shell server.
[[0;32m  OK  [0m] Stopped Daemon for power management.
[[0;32m  OK  [0m] Stopped RealtimeKit Scheduling Policy Service.
[[0;32m  OK  [0m] Stopped Thunderbolt system service.
[[0;32m  OK  [0m] Stopped PackageKit Daemon.
[[0;32m  OK  [0m] Stopped Manage, Install and Generate Color Profiles.
[[0;32m  OK  [0m] Stopped FUSE filesystem for LXC.
[[0;32m  OK  [0m] Unmounted /run/user/1000/gvfs.
[[0;32m  OK  [0m] Stopped Modem Manager.
[[0;32m  OK  [0m] Stopped Tool to automatically colle…nd submit kernel crash signatures.
[[0;32m  OK  [0m] Stopped Unattended Upgrades Shutdown.
[[0;32m  OK  [0m] Stopped Availability of block devices.
[[0;32m  OK  [0m] Stopped Disk Manager.
[[0;32m  OK  [0m] Stopped Make remote CUPS printers available locally.
[[0;32m  OK  [0m] Stopped LSB: Speech Dispatcher.
[[0;32m  OK  [0m] Stopped User Manager for UID 126.
[[0;32m  OK  [0m] Stopped Session c2 of user gdm.
[[0;32m  OK  [0m] Stopped LXD - container startup/shutdown.
[[0;32m  OK  [0m] Removed slice User Slice of gdm.
         Stopping CUPS Scheduler...
         Stopping Avahi mDNS/DNS-SD Stack...
[[0;32m  OK  [0m] Stopped target System Time Synchronized.
         Stopping Authorization Manager...
[[0;32m  OK  [0m] Removed slice system-serial\x2dgetty.slice.
[[0;32m  OK  [0m] Stopped target Network is Online.
[[0;32m  OK  [0m] Stopped Network Manager Wait Online.
[[0;32m  OK  [0m] Stopped Avahi mDNS/DNS-SD Stack.
[[0;32m  OK  [0m] Stopped CUPS Scheduler.
[[0;32m  OK  [0m] Stopped Authorization Manager.
[[0;32m  OK  [0m] Stopped GNOME Display Manager.
[[0;32m  OK  [0m] Stopped The Apache HTTP Server.
[[0;32m  OK  [0m] Stopped LSB: automatic crash report generation.
[[0;32m  OK  [0m] Stopped LSB: Start or stop stunnel … (TLS tunnel for network daemons).
[[0;32m  OK  [0m] Stopped Virtualbox guest utils.
[[0;32m  OK  [0m] Stopped LSB: Record successful boot for GRUB.
[[0;32m  OK  [0m] Stopped target Host and Network Name Lookups.
         Stopping Firmware update daemon...
[[0;32m  OK  [0m] Unmounted /run/user/126.
[[0;32m  OK  [0m] Stopped Session 9 of user vagrant.
[[0;32m  OK  [0m] Stopped Firmware update daemon.
[[0;32m  OK  [0m] Stopped User Manager for UID 1000.
[[0;32m  OK  [0m] Stopped Session 5 of user vagrant.
[[0;32m  OK  [0m] Removed slice User Slice of vagrant.
         Stopping Permit User Sessions...
         Stopping Login Service...
[[0;32m  OK  [0m] Stopped Permit User Sessions.
[[0;32m  OK  [0m] Stopped target Network.
         Stopping Network Name Resolution...
         Stopping WPA supplicant...
         Stopping Network Manager...
[[0;32m  OK  [0m] Stopped target Remote File Systems.
[[0;32m  OK  [0m] Stopped target Remote File Systems (Pre).
[[0;32m  OK  [0m] Stopped WPA supplicant.
[[0;32m  OK  [0m] Stopped Network Name Resolution.
[[0;32m  OK  [0m] Stopped Network Manager.
         Stopping D-Bus System Message Bus...
[[0;32m  OK  [0m] Stopped D-Bus System Message Bus.
[[0;32m  OK  [0m] Stopped Login Service.
[[0;32m  OK  [0m] Stopped target Basic System.
[[0;32m  OK  [0m] Stopped target Paths.
[[0;32m  OK  [0m] Stopped ACPI Events Check.
[[0;32m  OK  [0m] Stopped CUPS Scheduler.
[[0;32m  OK  [0m] Stopped target Slices.
[[0;32m  OK  [0m] Stopped target Sockets.
[[0;32m  OK  [0m] Closed UUID daemon activation socket.
[[0;32m  OK  [0m] Closed LXD - unix socket.
[[0;32m  OK  [0m] Closed Syslog Socket.
[[0;32m  OK  [0m] Closed CUPS Scheduler.
[[0;32m  OK  [0m] Closed Socket activation for snappy daemon.
[[0;32m  OK  [0m] Closed Avahi mDNS/DNS-SD Stack Activation Socket.
[[0;32m  OK  [0m] Closed ACPID Listen Socket.
[[0;32m  OK  [0m] Closed Open-iSCSI iscsid Socket.
[[0;32m  OK  [0m] Removed slice User and Session Slice.
[[0;32m  OK  [0m] Stopped target User and Group Name Lookups.
[[0;32m  OK  [0m] Closed D-Bus System Message Bus Socket.
[[0;32m  OK  [0m] Stopped target System Initialization.
[[0;32m  OK  [0m] Stopped Initial cloud-init job (metadata service crawler).
[[0;32m  OK  [0m] Stopped Wait for Network to be Configured.
         Stopping Network Service...
         Stopping Raise network interfaces...
         Stopping Update UTMP about System Boot/Shutdown...
[[0;32m  OK  [0m] Stopped target Local Encrypted Volumes.
[[0;32m  OK  [0m] Stopped Forward Password Requests to Wall Directory Watch.
[[0;32m  OK  [0m] Stopped Dispatch Password Requests to Console Directory Watch.
         Stopping Load/Save Random Seed...
[[0;32m  OK  [0m] Stopped Network Service.
[[0;32m  OK  [0m] Stopped Raise network interfaces.
[[0;32m  OK  [0m] Stopped Load/Save Random Seed.
[[0;32m  OK  [0m] Stopped Apply Kernel Variables.
[[0;32m  OK  [0m] Stopped Load Kernel Modules.
[[0;32m  OK  [0m] Stopped target Network (Pre).
[[0;32m  OK  [0m] Stopped Initial cloud-init job (pre-networking).
[[0;32m  OK  [0m] Stopped Update UTMP about System Boot/Shutdown.
[[0;32m  OK  [0m] Stopped Create Volatile Files and Directories.
[[0;32m  OK  [0m] Stopped target Local File Systems.
         Unmounting /run/user/1000...
         Unmounting /vagrant...
[[0;32m  OK  [0m] Unmounted /run/user/1000.
[[0;32m  OK  [0m] Unmounted /vagrant.
[[0;32m  OK  [0m] Reached target Unmount All Filesystems.
[[0;32m  OK  [0m] Stopped target Local File Systems (Pre).
[[0;32m  OK  [0m] Stopped Remount Root and Kernel File Systems.
         Stopping Monitoring of LVM2 mirrors…ng dmeventd or progress polling...
[[0;32m  OK  [0m] Stopped Create Static Device Nodes in /dev.
[[0;32m  OK  [0m] Stopped target Swap.
[[0;32m  OK  [0m] Reached target Shutdown.
[[0;32m  OK  [0m] Reached target Final Step.
         Starting Power-Off...
[ 7390.659847] reboot: Power down
